mode: set
github.com/poker/backend/internal/middleware/ratelimit.go:20.59,31.2 3 1
github.com/poker/backend/internal/middleware/ratelimit.go:33.61,38.13 4 1
github.com/poker/backend/internal/middleware/ratelimit.go:38.13,41.3 2 1
github.com/poker/backend/internal/middleware/ratelimit.go:43.2,43.16 1 1
github.com/poker/backend/internal/middleware/ratelimit.go:48.39,50.21 2 1
github.com/poker/backend/internal/middleware/ratelimit.go:50.21,54.3 3 0
github.com/poker/backend/internal/middleware/ratelimit.go:58.80,61.30 2 1
github.com/poker/backend/internal/middleware/ratelimit.go:61.30,63.38 2 1
github.com/poker/backend/internal/middleware/ratelimit.go:63.38,68.4 2 1
github.com/poker/backend/internal/middleware/ratelimit.go:69.3,69.11 1 1
github.com/poker/backend/internal/game/hub.go:29.42,41.2 4 1
github.com/poker/backend/internal/game/hub.go:44.49,46.2 1 1
github.com/poker/backend/internal/game/hub.go:49.92,53.30 3 1
github.com/poker/backend/internal/game/hub.go:53.30,56.3 2 1
github.com/poker/backend/internal/game/hub.go:58.2,58.22 1 1
github.com/poker/backend/internal/game/hub.go:58.22,60.3 1 1
github.com/poker/backend/internal/game/hub.go:62.2,67.13 5 1
github.com/poker/backend/internal/game/hub.go:71.42,75.2 3 1
github.com/poker/backend/internal/game/hub.go:78.39,83.2 4 1
github.com/poker/backend/internal/game/hub.go:86.50,87.12 1 0
github.com/poker/backend/internal/game/hub.go:87.12,92.62 4 0
github.com/poker/backend/internal/game/hub.go:92.62,95.4 2 0
github.com/poker/backend/internal/game/hub.go:100.41,101.6 1 1
github.com/poker/backend/internal/game/hub.go:101.6,107.42 4 1
github.com/poker/backend/internal/game/hub.go:107.42,109.4 1 1
github.com/poker/backend/internal/game/hub.go:114.32,115.6 1 1
github.com/poker/backend/internal/game/hub.go:115.6,116.10 1 1
github.com/poker/backend/internal/game/hub.go:117.28,118.15 1 0
github.com/poker/backend/internal/game/hub.go:119.17,121.10 2 1
github.com/poker/backend/internal/game/hub.go:127.25,131.34 3 1
github.com/poker/backend/internal/game/hub.go:131.34,132.41 1 1
github.com/poker/backend/internal/game/hub.go:132.41,136.4 2 1
github.com/poker/backend/internal/game/hub.go:141.22,143.2 1 1
github.com/poker/backend/internal/game/hub.go:146.31,150.2 3 1
github.com/poker/backend/internal/game/hub.go:153.46,158.31 4 1
github.com/poker/backend/internal/game/hub.go:158.31,160.3 1 1
github.com/poker/backend/internal/game/hub.go:162.2,165.3 1 1
github.com/poker/backend/internal/game/player.go:38.84,49.2 1 1
github.com/poker/backend/internal/game/player.go:52.59,60.17 2 1
github.com/poker/backend/internal/game/player.go:60.17,62.3 1 1
github.com/poker/backend/internal/game/player.go:63.2,63.15 1 1
github.com/poker/backend/internal/game/player.go:67.63,71.2 3 1
github.com/poker/backend/internal/game/player.go:74.30,77.2 2 1
github.com/poker/backend/internal/game/player.go:80.39,81.16 1 1
github.com/poker/backend/internal/game/player.go:81.16,84.3 2 1
github.com/poker/backend/internal/game/player.go:84.8,87.3 2 1
github.com/poker/backend/internal/game/room.go:30.50,43.2 2 1
github.com/poker/backend/internal/game/room.go:46.93,49.9 2 1
github.com/poker/backend/internal/game/room.go:49.9,51.3 1 1
github.com/poker/backend/internal/game/room.go:53.2,62.3 1 1
github.com/poker/backend/internal/game/room.go:68.47,72.34 3 1
github.com/poker/backend/internal/game/room.go:72.34,74.3 1 1
github.com/poker/backend/internal/game/room.go:77.2,80.25 2 1
github.com/poker/backend/internal/game/room.go:80.25,83.3 2 1
github.com/poker/backend/internal/game/room.go:85.2,89.13 4 1
github.com/poker/backend/internal/game/room.go:93.46,97.51 3 1
github.com/poker/backend/internal/game/room.go:97.51,103.49 3 1
github.com/poker/backend/internal/game/room.go:103.49,104.33 1 1
github.com/poker/backend/internal/game/room.go:104.33,107.10 3 1
github.com/poker/backend/internal/game/room.go:111.2,111.27 1 1
github.com/poker/backend/internal/game/room.go:115.51,119.2 3 1
github.com/poker/backend/internal/game/room.go:122.38,124.33 1 1
github.com/poker/backend/internal/game/room.go:124.33,125.29 1 1
github.com/poker/backend/internal/game/room.go:125.29,128.4 2 1
github.com/poker/backend/internal/game/room.go:131.2,132.53 2 1
github.com/poker/backend/internal/game/room.go:136.49,140.51 3 1
github.com/poker/backend/internal/game/room.go:140.51,144.3 3 1
github.com/poker/backend/internal/game/room.go:145.2,145.14 1 1
github.com/poker/backend/internal/game/room.go:149.45,154.26 3 1
github.com/poker/backend/internal/game/room.go:154.26,156.3 1 1
github.com/poker/backend/internal/game/room.go:158.2,160.13 3 1
github.com/poker/backend/internal/game/room.go:164.24,169.35 4 1
github.com/poker/backend/internal/game/room.go:169.35,171.3 1 1
github.com/poker/backend/internal/game/room.go:172.2,172.27 1 1
github.com/poker/backend/internal/game/room.go:176.63,181.30 4 0
github.com/poker/backend/internal/game/room.go:181.30,183.3 1 0
github.com/poker/backend/internal/game/room.go:185.2,196.63 2 0
github.com/poker/backend/internal/game/room.go:196.63,199.3 2 0
github.com/poker/backend/internal/game/room.go:201.2,201.14 1 0
github.com/poker/backend/internal/game/room.go:205.31,209.2 3 1
github.com/poker/backend/internal/game/room.go:212.33,216.2 3 1
github.com/poker/backend/internal/game/room.go:219.53,223.35 3 1
github.com/poker/backend/internal/game/room.go:223.35,225.3 1 1
github.com/poker/backend/internal/game/room.go:229.76,233.35 3 0
github.com/poker/backend/internal/game/room.go:233.35,234.28 1 0
github.com/poker/backend/internal/game/room.go:234.28,236.4 1 0
github.com/poker/backend/internal/game/room.go:241.56,249.35 6 1
github.com/poker/backend/internal/game/room.go:249.35,250.22 1 1
github.com/poker/backend/internal/game/room.go:250.22,253.67 2 1
github.com/poker/backend/internal/game/room.go:253.67,256.5 2 1
github.com/poker/backend/internal/game/room.go:260.2,261.15 2 1
github.com/poker/backend/internal/game/room.go:261.15,263.3 1 1
github.com/poker/backend/internal/game/room.go:265.2,269.3 1 1
github.com/poker/backend/internal/game/room.go:273.34,277.2 3 1
github.com/poker/backend/internal/game/room.go:280.83,285.26 3 1
github.com/poker/backend/internal/game/room.go:285.26,287.3 1 1
github.com/poker/backend/internal/game/room.go:290.2,290.26 1 1
github.com/poker/backend/internal/game/room.go:290.26,292.3 1 0
github.com/poker/backend/internal/game/room.go:294.2,300.13 6 1
github.com/poker/backend/internal/game/room.go:304.48,309.26 3 1
github.com/poker/backend/internal/game/room.go:309.26,311.3 1 1
github.com/poker/backend/internal/game/room.go:313.2,313.26 1 1
github.com/poker/backend/internal/game/room.go:313.26,316.3 2 1
github.com/poker/backend/internal/game/room.go:317.2,321.13 4 1
github.com/poker/backend/internal/game/room.go:325.49,329.2 3 1
github.com/poker/backend/internal/game/room.go:332.29,337.2 4 1
github.com/poker/backend/internal/game/room.go:340.47,344.2 3 1
github.com/poker/backend/internal/game/room.go:347.52,352.2 4 1
github.com/poker/backend/cmd/server/main.go:15.13,42.2 11 0
github.com/poker/backend/cmd/server/main.go:42.2,51.3 6 0
github.com/poker/backend/cmd/server/main.go:54.2,59.42 4 0
github.com/poker/backend/cmd/server/main.go:59.42,61.3 1 0
github.com/poker/backend/cmd/server/main.go:64.42,65.48 1 0
github.com/poker/backend/cmd/server/main.go:65.48,67.3 1 0
github.com/poker/backend/cmd/server/main.go:68.2,68.17 1 0
github.com/poker/backend/internal/handler/room.go:19.49,21.2 1 1
github.com/poker/backend/internal/handler/room.go:29.50,33.36 3 1
github.com/poker/backend/internal/handler/room.go:33.36,35.3 1 0
github.com/poker/backend/internal/handler/room.go:38.2,39.47 2 1
github.com/poker/backend/internal/handler/room.go:39.47,41.3 1 1
github.com/poker/backend/internal/handler/room.go:43.2,44.21 2 1
github.com/poker/backend/internal/handler/room.go:44.21,46.3 1 1
github.com/poker/backend/internal/handler/room.go:48.2,58.4 4 1
github.com/poker/backend/internal/handler/room.go:62.49,64.44 2 1
github.com/poker/backend/internal/handler/room.go:64.44,66.3 1 1
github.com/poker/backend/internal/handler/room.go:67.2,69.4 1 1
github.com/poker/backend/internal/handler/room.go:73.47,77.17 3 1
github.com/poker/backend/internal/handler/room.go:77.17,80.3 2 1
github.com/poker/backend/internal/handler/room.go:82.2,87.4 1 1
github.com/poker/backend/internal/handler/room.go:91.49,95.17 3 1
github.com/poker/backend/internal/handler/room.go:95.17,98.3 2 1
github.com/poker/backend/internal/handler/room.go:100.2,103.4 1 1
github.com/poker/backend/internal/handler/room.go:107.48,110.2 2 1
github.com/poker/backend/internal/handler/room.go:113.51,115.2 1 1
github.com/poker/backend/internal/handler/websocket.go:18.42,20.3 1 1
github.com/poker/backend/internal/handler/websocket.go:29.59,31.2 1 1
github.com/poker/backend/internal/handler/websocket.go:34.61,38.40 3 1
github.com/poker/backend/internal/handler/websocket.go:38.40,41.3 2 0
github.com/poker/backend/internal/handler/websocket.go:43.2,44.17 2 1
github.com/poker/backend/internal/handler/websocket.go:44.17,47.3 2 0
github.com/poker/backend/internal/handler/websocket.go:49.2,50.16 2 1
github.com/poker/backend/internal/handler/websocket.go:50.16,53.3 2 0
github.com/poker/backend/internal/handler/websocket.go:55.2,58.29 3 1
github.com/poker/backend/internal/handler/websocket.go:58.29,63.3 4 0
github.com/poker/backend/internal/handler/websocket.go:64.2,76.35 4 1
github.com/poker/backend/internal/handler/websocket.go:80.81,81.15 1 1
github.com/poker/backend/internal/handler/websocket.go:81.15,83.3 1 1
github.com/poker/backend/internal/handler/websocket.go:86.2,88.6 2 1
github.com/poker/backend/internal/handler/websocket.go:88.6,91.17 3 1
github.com/poker/backend/internal/handler/websocket.go:91.17,92.103 1 1
github.com/poker/backend/internal/handler/websocket.go:92.103,94.5 1 0
github.com/poker/backend/internal/handler/websocket.go:95.4,95.9 1 1
github.com/poker/backend/internal/handler/websocket.go:99.3,99.34 1 1
github.com/poker/backend/internal/handler/websocket.go:99.34,106.12 2 0
github.com/poker/backend/internal/handler/websocket.go:109.3,109.39 1 1
github.com/poker/backend/internal/handler/websocket.go:114.108,117.18 2 1
github.com/poker/backend/internal/handler/websocket.go:118.26,119.39 1 1
github.com/poker/backend/internal/handler/websocket.go:121.28,122.31 1 1
github.com/poker/backend/internal/handler/websocket.go:124.27,125.30 1 1
github.com/poker/backend/internal/handler/websocket.go:127.32,128.70 1 1
github.com/poker/backend/internal/handler/websocket.go:130.31,131.34 1 1
github.com/poker/backend/internal/handler/websocket.go:133.10,138.5 2 0
github.com/poker/backend/internal/handler/websocket.go:143.90,144.32 1 1
github.com/poker/backend/internal/handler/websocket.go:144.32,154.15 3 1
github.com/poker/backend/internal/handler/websocket.go:154.15,156.4 1 1
github.com/poker/backend/internal/handler/websocket.go:156.9,158.4 1 0
github.com/poker/backend/internal/handler/websocket.go:163.79,164.28 1 1
github.com/poker/backend/internal/handler/websocket.go:164.28,171.3 3 1
github.com/poker/backend/internal/handler/websocket.go:171.8,176.3 1 1
github.com/poker/backend/internal/handler/websocket.go:180.78,182.30 1 1
github.com/poker/backend/internal/handler/websocket.go:182.30,188.3 2 0
github.com/poker/backend/internal/handler/websocket.go:190.2,193.33 2 1
github.com/poker/backend/internal/handler/websocket.go:193.33,195.3 1 1
github.com/poker/backend/internal/handler/websocket.go:197.2,197.59 1 1
github.com/poker/backend/internal/handler/websocket.go:201.83,217.20 5 1
github.com/poker/backend/internal/handler/websocket.go:217.20,219.3 1 1
github.com/poker/backend/internal/handler/websocket.go:223.76,229.2 2 1
github.com/poker/backend/internal/handler/websocket.go:232.114,233.37 1 1
github.com/poker/backend/internal/handler/websocket.go:233.37,239.3 2 0
github.com/poker/backend/internal/handler/websocket.go:241.2,241.54 1 1
github.com/poker/backend/internal/handler/websocket.go:241.54,257.3 4 1
github.com/poker/backend/internal/handler/websocket.go:257.8,262.3 1 0
github.com/poker/backend/internal/handler/websocket.go:266.91,270.9 3 1
github.com/poker/backend/internal/handler/websocket.go:271.17,281.35 3 1
github.com/poker/backend/internal/handler/websocket.go:281.35,289.4 4 1
github.com/poker/backend/internal/handler/websocket.go:291.20,294.54 2 1
github.com/poker/backend/internal/handler/websocket.go:299.82,300.31 1 1
github.com/poker/backend/internal/handler/websocket.go:300.31,310.3 2 1
github.com/poker/backend/internal/handler/websocket.go:310.8,315.3 1 0
